
Showing logs for build [32mcb-kubecd-environment-pr-1486-3-4mb6k-1[0m stage [32mfrom-build-pack[0m and container [32mstep-credential-initializer-vslgj[0m
{"level":"info","ts":1589458719.2207925,"logger":"fallback-logger","caller":"logging/config.go:69","msg":"Fetch GitHub commit ID from kodata failed: open /var/run/ko/refs/heads/0.8.0-ns-support: no such file or directory"}
{"level":"info","ts":1589458719.2217824,"logger":"fallback-logger","caller":"creds-init/main.go:40","msg":"Credentials initialized."}

Showing logs for build [32mcb-kubecd-environment-pr-1486-3-4mb6k-1[0m stage [32mfrom-build-pack[0m and container [32mstep-working-dir-initializer-rggw6[0m
{"level":"info","ts":1589458720.2415059,"logger":"fallback-logger","caller":"logging/config.go:69","msg":"Fetch GitHub commit ID from kodata failed: open /var/run/ko/HEAD: no such file or directory"}
{"level":"info","ts":1589458720.2432585,"logger":"fallback-logger","caller":"bash/main.go:64","msg":"Successfully executed command \"sh -c mkdir -p /workspace/source\"; output "}

Showing logs for build [32mcb-kubecd-environment-pr-1486-3-4mb6k-1[0m stage [32mfrom-build-pack[0m and container [32mstep-place-tools[0m

Showing logs for build [32mcb-kubecd-environment-pr-1486-3-4mb6k-1[0m stage [32mfrom-build-pack[0m and container [32mstep-git-source-cb-kubecd-environment-pr-1486-3-4mb6k-z9r8v[0m
{"level":"info","ts":1589458726.222426,"logger":"fallback-logger","caller":"logging/config.go:69","msg":"Fetch GitHub commit ID from kodata failed: open /var/run/ko/refs/heads/0.8.0-ns-support: no such file or directory"}
{"level":"info","ts":1589458727.2872784,"logger":"fallback-logger","caller":"git/git.go:103","msg":"Successfully cloned https://github.com/cb-kubecd/environment-pr-1486-3-bdd-frontend-staging.git @ master in path /workspace/source"}

Showing logs for build [32mcb-kubecd-environment-pr-1486-3-4mb6k-1[0m stage [32mfrom-build-pack[0m and container [32mstep-git-merge[0m
Using SHAs from PULL_REFS=master:73dfd0e2a148d0482500149101173846ebb472ef,1:0353a4b78364063b286d9ea6d3ce17e310cae78f
DEBUG: LC_ALL=C JX_LOG_LEVEL=error git fetch origin --unshallow 0353a4b78364063b286d9ea6d3ce17e310cae78f: 73dfd0e2a148d0482500149101173846ebb472ef:
DEBUG: ran git fetch --unshallow origin 0353a4b78364063b286d9ea6d3ce17e310cae78f: 73dfd0e2a148d0482500149101173846ebb472ef: in 
DEBUG: LC_ALL=C JX_LOG_LEVEL=error git branch
DEBUG: LC_ALL=C JX_LOG_LEVEL=error git checkout master
DEBUG: ran git checkout master in 
DEBUG: LC_ALL=C JX_LOG_LEVEL=error git reset --hard 73dfd0e2a148d0482500149101173846ebb472ef
DEBUG: ran git reset --hard 73dfd0e2a148d0482500149101173846ebb472ef in 
DEBUG: LC_ALL=C JX_LOG_LEVEL=error git clean -fd .
DEBUG: ran clean --force -d . in 
DEBUG: LC_ALL=C JX_LOG_LEVEL=error git merge 0353a4b78364063b286d9ea6d3ce17e310cae78f
DEBUG: ran git merge 0353a4b78364063b286d9ea6d3ce17e310cae78f in 
DEBUG: LC_ALL=C JX_LOG_LEVEL=error git log --format=%H%x1f%an%x1f%ae%x1f%cn%x1f%ce%x1f%s%n%b%x1e 73dfd0e2a148d0482500149101173846ebb472ef..HEAD
Merged SHA 0353a4b78364063b286d9ea6d3ce17e310cae78f with commit message 'chore: Promote bdd-nh-1589457648 to version 0.0.1' into base branch master

Showing logs for build [32mcb-kubecd-environment-pr-1486-3-4mb6k-1[0m stage [32mfrom-build-pack[0m and container [32mstep-build-helm-build[0m
WARNING: No $CHART_REPOSITORY defined so using the default value of: http://jenkins-x-chartmuseum:8080
Adding missing Helm repo: storage.googleapis.com https://storage.googleapis.com/chartmuseum.jenkins-x.io
WARNING: No secrets found on "helm/repos" due: reading the secret "helm/repos" from vault: no secret "helm/repos" not found in vault
Read credentials for https://storage.googleapis.com/chartmuseum.jenkins-x.io from vault helm/repos
Successfully added Helm repository storage.googleapis.com.
Adding missing Helm repo: jenkins-x-chartmuseum http://jenkins-x-chartmuseum:8080
WARNING: No secrets found on "helm/repos" due: reading the secret "helm/repos" from vault: no secret "helm/repos" not found in vault
Read credentials for http://jenkins-x-chartmuseum:8080 from vault helm/repos
Successfully added Helm repository jenkins-x-chartmuseum.
WARNING: No $CHART_REPOSITORY defined so using the default value of: http://jenkins-x-chartmuseum:8080
Adding missing Helm repo: chartmuseum.jenkins-x.io http://chartmuseum.jenkins-x.io
WARNING: No secrets found on "helm/repos" due: reading the secret "helm/repos" from vault: no secret "helm/repos" not found in vault
Read credentials for http://chartmuseum.jenkins-x.io from vault helm/repos
Successfully added Helm repository chartmuseum.jenkins-x.io.
